[2019-06-18 15:54:30] production.ERROR: exception 'ErrorException' with message 'file_put_contents(/var/www/app/storage/views/f3389b1a5ce2b81592f43f45f4fd1148): failed to open stream: No such file or directory' in /var/www/vendor/laravel/framework/src/Illuminate/Filesystem/Filesystem.php:70
Stack trace:
#0 [internal function]: Illuminate\Exception\Handler->handleError(2, 'file_put_conten...', '/var/www/vendor...', 70, Array)
#1 /var/www/vendor/laravel/framework/src/Illuminate/Filesystem/Filesystem.php(70): file_put_contents('/var/www/app/st...', '<!DOCTYPE html>...', 0)
#2 /var/www/vendor/laravel/framework/src/Illuminate/View/Compilers/BladeCompiler.php(80): Illuminate\Filesystem\Filesystem->put('/var/www/app/st...', '<!DOCTYPE html>...')
#3 /var/www/vendor/laravel/framework/src/Illuminate/View/Engines/CompilerEngine.php(49): Illuminate\View\Compilers\BladeCompiler->compile('/var/www/app/co...')
#4 /var/www/vendor/laravel/framework/src/Illuminate/View/View.php(140): Illuminate\View\Engines\CompilerEngine->get('/var/www/app/co...', Array)
#5 /var/www/vendor/laravel/framework/src/Illuminate/View/View.php(109): Illuminate\View\View->getContents()
#6 /var/www/vendor/laravel/framework/src/Illuminate/View/View.php(78): Illuminate\View\View->renderContents()
#7 /var/www/vendor/laravel/framework/src/Illuminate/Http/Response.php(43): Illuminate\View\View->render()
#8 /var/www/vendor/symfony/http-foundation/Response.php(200): Illuminate\Http\Response->setContent(Object(Illuminate\View\View))
#9 /var/www/vendor/laravel/framework/src/Illuminate/Routing/Router.php(1501): Symfony\Component\HttpFoundation\Response->__construct(Object(Illuminate\View\View))
#10 /var/www/vendor/laravel/framework/src/Illuminate/Routing/Router.php(1036): Illuminate\Routing\Router->prepareResponse(Object(Illuminate\Http\Request), Object(Illuminate\View\View))
#11 /var/www/vendor/laravel/framework/src/Illuminate/Routing/Router.php(1001): Illuminate\Routing\Router->dispatchToRoute(Object(Illuminate\Http\Request))
#12 /var/www/vendor/laravel/framework/src/Illuminate/Foundation/Application.php(781): Illuminate\Routing\Router->dispatch(Object(Illuminate\Http\Request))
#13 /var/www/vendor/laravel/framework/src/Illuminate/Foundation/Application.php(745): Illuminate\Foundation\Application->dispatch(Object(Illuminate\Http\Request))
#14 /var/www/vendor/laravel/framework/src/Illuminate/Session/Middleware.php(72): Illuminate\Foundation\Application->handle(Object(Illuminate\Http\Request), 1, true)
#15 /var/www/vendor/laravel/framework/src/Illuminate/Cookie/Queue.php(47): Illuminate\Session\Middleware->handle(Object(Illuminate\Http\Request), 1, true)
#16 /var/www/vendor/laravel/framework/src/Illuminate/Cookie/Guard.php(51): Illuminate\Cookie\Queue->handle(Object(Illuminate\Http\Request), 1, true)
#17 /var/www/vendor/stack/builder/src/Stack/StackedHttpKernel.php(23): Illuminate\Cookie\Guard->handle(Object(Illuminate\Http\Request), 1, true)
#18 /var/www/vendor/laravel/framework/src/Illuminate/Foundation/Application.php(641): Stack\StackedHttpKernel->handle(Object(Illuminate\Http\Request))
#19 /var/www/public/index.php(49): Illuminate\Foundation\Application->run()
#20 {main} [] []
[2019-06-18 15:55:12] production.ERROR: exception 'PDOException' with message 'SQLSTATE[42S02]: Base table or view not found: 1146 Table 'telkom.m_user' doesn't exist' in /var/www/vendor/laravel/framework/src/Illuminate/Database/Connection.php:299
Stack trace:
#0 /var/www/vendor/laravel/framework/src/Illuminate/Database/Connection.php(299): PDO->prepare('select * from `...')
#1 /var/www/vendor/laravel/framework/src/Illuminate/Database/Connection.php(623): Illuminate\Database\Connection->Illuminate\Database\{closure}(Object(Illuminate\Database\MySqlConnection), 'select * from `...', Array)
#2 /var/www/vendor/laravel/framework/src/Illuminate/Database/Connection.php(587): Illuminate\Database\Connection->runQueryCallback('select * from `...', Array, Object(Closure))
#3 /var/www/vendor/laravel/framework/src/Illuminate/Database/Connection.php(304): Illuminate\Database\Connection->run('select * from `...', Array, Object(Closure))
#4 /var/www/vendor/laravel/framework/src/Illuminate/Database/Query/Builder.php(1412): Illuminate\Database\Connection->select('select * from `...', Array)
#5 /var/www/vendor/laravel/framework/src/Illuminate/Database/Query/Builder.php(1397): Illuminate\Database\Query\Builder->runSelect()
#6 /var/www/vendor/laravel/framework/src/Illuminate/Database/Query/Builder.php(1384): Illuminate\Database\Query\Builder->getFresh(Array)
#7 /var/www/vendor/laravel/framework/src/Illuminate/Database/Eloquent/Builder.php(411): Illuminate\Database\Query\Builder->get(Array)
#8 /var/www/vendor/laravel/framework/src/Illuminate/Database/Eloquent/Builder.php(151): Illuminate\Database\Eloquent\Builder->getModels(Array)
#9 /var/www/vendor/laravel/framework/src/Illuminate/Database/Eloquent/Builder.php(125): Illuminate\Database\Eloquent\Builder->get(Array)
#10 /var/www/vendor/laravel/framework/src/Illuminate/Auth/EloquentUserProvider.php(94): Illuminate\Database\Eloquent\Builder->first()
#11 /var/www/vendor/laravel/framework/src/Illuminate/Auth/Guard.php(354): Illuminate\Auth\EloquentUserProvider->retrieveByCredentials(Array)
#12 [internal function]: Illuminate\Auth\Guard->attempt(Array, true)
#13 /var/www/vendor/laravel/framework/src/Illuminate/Support/Manager.php(138): call_user_func_array(Array, Array)
#14 /var/www/vendor/laravel/framework/src/Illuminate/Support/Facades/Facade.php(211): Illuminate\Support\Manager->__call('attempt', Array)
#15 /var/www/vendor/laravel/framework/src/Illuminate/Support/Facades/Facade.php(211): Illuminate\Auth\AuthManager->attempt(Array, true)
#16 /var/www/app/controllers/LoginController.php(30): Illuminate\Support\Facades\Facade::__callStatic('attempt', Array)
#17 /var/www/app/controllers/LoginController.php(30): Illuminate\Support\Facades\Auth::attempt(Array, true)
#18 /var/www/app/controllers/LoginController.php(7): LoginController->login()
#19 [internal function]: LoginController->showLogin()
#20 /var/www/vendor/laravel/framework/src/Illuminate/Routing/Controller.php(231): call_user_func_array(Array, Array)
#21 /var/www/vendor/laravel/framework/src/Illuminate/Routing/ControllerDispatcher.php(93): Illuminate\Routing\Controller->callAction('showLogin', Array)
#22 /var/www/vendor/laravel/framework/src/Illuminate/Routing/ControllerDispatcher.php(62): Illuminate\Routing\ControllerDispatcher->call(Object(LoginController), Object(Illuminate\Routing\Route), 'showLogin')
#23 /var/www/vendor/laravel/framework/src/Illuminate/Routing/Router.php(967): Illuminate\Routing\ControllerDispatcher->dispatch(Object(Illuminate\Routing\Route), Object(Illuminate\Http\Request), 'LoginController', 'showLogin')
#24 [internal function]: Illuminate\Routing\Router->Illuminate\Routing\{closure}()
#25 /var/www/vendor/laravel/framework/src/Illuminate/Routing/Route.php(109): call_user_func_array(Object(Closure), Array)
#26 /var/www/vendor/laravel/framework/src/Illuminate/Routing/Router.php(1033): Illuminate\Routing\Route->run(Object(Illuminate\Http\Request))
#27 /var/www/vendor/laravel/framework/src/Illuminate/Routing/Router.php(1001): Illuminate\Routing\Router->dispatchToRoute(Object(Illuminate\Http\Request))
#28 /var/www/vendor/laravel/framework/src/Illuminate/Foundation/Application.php(781): Illuminate\Routing\Router->dispatch(Object(Illuminate\Http\Request))
#29 /var/www/vendor/laravel/framework/src/Illuminate/Foundation/Application.php(745): Illuminate\Foundation\Application->dispatch(Object(Illuminate\Http\Request))
#30 /var/www/vendor/laravel/framework/src/Illuminate/Session/Middleware.php(72): Illuminate\Foundation\Application->handle(Object(Illuminate\Http\Request), 1, true)
#31 /var/www/vendor/laravel/framework/src/Illuminate/Cookie/Queue.php(47): Illuminate\Session\Middleware->handle(Object(Illuminate\Http\Request), 1, true)
#32 /var/www/vendor/laravel/framework/src/Illuminate/Cookie/Guard.php(51): Illuminate\Cookie\Queue->handle(Object(Illuminate\Http\Request), 1, true)
#33 /var/www/vendor/stack/builder/src/Stack/StackedHttpKernel.php(23): Illuminate\Cookie\Guard->handle(Object(Illuminate\Http\Request), 1, true)
#34 /var/www/vendor/laravel/framework/src/Illuminate/Foundation/Application.php(641): Stack\StackedHttpKernel->handle(Object(Illuminate\Http\Request))
#35 /var/www/public/index.php(49): Illuminate\Foundation\Application->run()
#36 {main}

Next exception 'Illuminate\Database\QueryException' with message 'SQLSTATE[42S02]: Base table or view not found: 1146 Table 'telkom.m_user' doesn't exist (SQL: select * from `m_user` where `UserEmail` = superadmin limit 1)' in /var/www/vendor/laravel/framework/src/Illuminate/Database/Connection.php:631
Stack trace:
#0 /var/www/vendor/laravel/framework/src/Illuminate/Database/Connection.php(587): Illuminate\Database\Connection->runQueryCallback('select * from `...', Array, Object(Closure))
#1 /var/www/vendor/laravel/framework/src/Illuminate/Database/Connection.php(304): Illuminate\Database\Connection->run('select * from `...', Array, Object(Closure))
#2 /var/www/vendor/laravel/framework/src/Illuminate/Database/Query/Builder.php(1412): Illuminate\Database\Connection->select('select * from `...', Array)
#3 /var/www/vendor/laravel/framework/src/Illuminate/Database/Query/Builder.php(1397): Illuminate\Database\Query\Builder->runSelect()
#4 /var/www/vendor/laravel/framework/src/Illuminate/Database/Query/Builder.php(1384): Illuminate\Database\Query\Builder->getFresh(Array)
#5 /var/www/vendor/laravel/framework/src/Illuminate/Database/Eloquent/Builder.php(411): Illuminate\Database\Query\Builder->get(Array)
#6 /var/www/vendor/laravel/framework/src/Illuminate/Database/Eloquent/Builder.php(151): Illuminate\Database\Eloquent\Builder->getModels(Array)
#7 /var/www/vendor/laravel/framework/src/Illuminate/Database/Eloquent/Builder.php(125): Illuminate\Database\Eloquent\Builder->get(Array)
#8 /var/www/vendor/laravel/framework/src/Illuminate/Auth/EloquentUserProvider.php(94): Illuminate\Database\Eloquent\Builder->first()
#9 /var/www/vendor/laravel/framework/src/Illuminate/Auth/Guard.php(354): Illuminate\Auth\EloquentUserProvider->retrieveByCredentials(Array)
#10 [internal function]: Illuminate\Auth\Guard->attempt(Array, true)
#11 /var/www/vendor/laravel/framework/src/Illuminate/Support/Manager.php(138): call_user_func_array(Array, Array)
#12 /var/www/vendor/laravel/framework/src/Illuminate/Support/Facades/Facade.php(211): Illuminate\Support\Manager->__call('attempt', Array)
#13 /var/www/vendor/laravel/framework/src/Illuminate/Support/Facades/Facade.php(211): Illuminate\Auth\AuthManager->attempt(Array, true)
#14 /var/www/app/controllers/LoginController.php(30): Illuminate\Support\Facades\Facade::__callStatic('attempt', Array)
#15 /var/www/app/controllers/LoginController.php(30): Illuminate\Support\Facades\Auth::attempt(Array, true)
#16 /var/www/app/controllers/LoginController.php(7): LoginController->login()
#17 [internal function]: LoginController->showLogin()
#18 /var/www/vendor/laravel/framework/src/Illuminate/Routing/Controller.php(231): call_user_func_array(Array, Array)
#19 /var/www/vendor/laravel/framework/src/Illuminate/Routing/ControllerDispatcher.php(93): Illuminate\Routing\Controller->callAction('showLogin', Array)
#20 /var/www/vendor/laravel/framework/src/Illuminate/Routing/ControllerDispatcher.php(62): Illuminate\Routing\ControllerDispatcher->call(Object(LoginController), Object(Illuminate\Routing\Route), 'showLogin')
#21 /var/www/vendor/laravel/framework/src/Illuminate/Routing/Router.php(967): Illuminate\Routing\ControllerDispatcher->dispatch(Object(Illuminate\Routing\Route), Object(Illuminate\Http\Request), 'LoginController', 'showLogin')
#22 [internal function]: Illuminate\Routing\Router->Illuminate\Routing\{closure}()
#23 /var/www/vendor/laravel/framework/src/Illuminate/Routing/Route.php(109): call_user_func_array(Object(Closure), Array)
#24 /var/www/vendor/laravel/framework/src/Illuminate/Routing/Router.php(1033): Illuminate\Routing\Route->run(Object(Illuminate\Http\Request))
#25 /var/www/vendor/laravel/framework/src/Illuminate/Routing/Router.php(1001): Illuminate\Routing\Router->dispatchToRoute(Object(Illuminate\Http\Request))
#26 /var/www/vendor/laravel/framework/src/Illuminate/Foundation/Application.php(781): Illuminate\Routing\Router->dispatch(Object(Illuminate\Http\Request))
#27 /var/www/vendor/laravel/framework/src/Illuminate/Foundation/Application.php(745): Illuminate\Foundation\Application->dispatch(Object(Illuminate\Http\Request))
#28 /var/www/vendor/laravel/framework/src/Illuminate/Session/Middleware.php(72): Illuminate\Foundation\Application->handle(Object(Illuminate\Http\Request), 1, true)
#29 /var/www/vendor/laravel/framework/src/Illuminate/Cookie/Queue.php(47): Illuminate\Session\Middleware->handle(Object(Illuminate\Http\Request), 1, true)
#30 /var/www/vendor/laravel/framework/src/Illuminate/Cookie/Guard.php(51): Illuminate\Cookie\Queue->handle(Object(Illuminate\Http\Request), 1, true)
#31 /var/www/vendor/stack/builder/src/Stack/StackedHttpKernel.php(23): Illuminate\Cookie\Guard->handle(Object(Illuminate\Http\Request), 1, true)
#32 /var/www/vendor/laravel/framework/src/Illuminate/Foundation/Application.php(641): Stack\StackedHttpKernel->handle(Object(Illuminate\Http\Request))
#33 /var/www/public/index.php(49): Illuminate\Foundation\Application->run()
#34 {main} [] []
[2019-06-20 21:30:43] production.ERROR: exception 'PDOException' with message 'SQLSTATE[HY000] [1045] Access denied for user 'telkom'@'172.18.0.3' (using password: YES)' in /var/www/vendor/laravel/framework/src/Illuminate/Database/Connectors/Connector.php:47
Stack trace:
#0 /var/www/vendor/laravel/framework/src/Illuminate/Database/Connectors/Connector.php(47): PDO->__construct('mysql:host=data...', 'telkom', 'asdf1234', Array)
#1 /var/www/vendor/laravel/framework/src/Illuminate/Database/Connectors/MySqlConnector.php(20): Illuminate\Database\Connectors\Connector->createConnection('mysql:host=data...', Array, Array)
#2 /var/www/vendor/laravel/framework/src/Illuminate/Database/Connectors/ConnectionFactory.php(57): Illuminate\Database\Connectors\MySqlConnector->connect(Array)
#3 /var/www/vendor/laravel/framework/src/Illuminate/Database/Connectors/ConnectionFactory.php(46): Illuminate\Database\Connectors\ConnectionFactory->createSingleConnection(Array)
#4 /var/www/vendor/laravel/framework/src/Illuminate/Database/DatabaseManager.php(176): Illuminate\Database\Connectors\ConnectionFactory->make(Array, 'mysql')
#5 /var/www/vendor/laravel/framework/src/Illuminate/Database/DatabaseManager.php(64): Illuminate\Database\DatabaseManager->makeConnection('mysql')
#6 /var/www/vendor/laravel/framework/src/Illuminate/Database/Eloquent/Model.php(2922): Illuminate\Database\DatabaseManager->connection(NULL)
#7 /var/www/vendor/laravel/framework/src/Illuminate/Database/Eloquent/Model.php(2888): Illuminate\Database\Eloquent\Model::resolveConnection(NULL)
#8 /var/www/vendor/laravel/framework/src/Illuminate/Database/Eloquent/Model.php(1849): Illuminate\Database\Eloquent\Model->getConnection()
#9 /var/www/vendor/laravel/framework/src/Illuminate/Database/Eloquent/Model.php(1790): Illuminate\Database\Eloquent\Model->newBaseQueryBuilder()
#10 /var/www/vendor/laravel/framework/src/Illuminate/Database/Eloquent/Model.php(1764): Illuminate\Database\Eloquent\Model->newQueryWithoutScopes()
#11 /var/www/vendor/laravel/framework/src/Illuminate/Auth/EloquentUserProvider.php(87): Illuminate\Database\Eloquent\Model->newQuery()
#12 /var/www/vendor/laravel/framework/src/Illuminate/Auth/Guard.php(354): Illuminate\Auth\EloquentUserProvider->retrieveByCredentials(Array)
#13 [internal function]: Illuminate\Auth\Guard->attempt(Array, true)
#14 /var/www/vendor/laravel/framework/src/Illuminate/Support/Manager.php(138): call_user_func_array(Array, Array)
#15 /var/www/vendor/laravel/framework/src/Illuminate/Support/Facades/Facade.php(211): Illuminate\Support\Manager->__call('attempt', Array)
#16 /var/www/vendor/laravel/framework/src/Illuminate/Support/Facades/Facade.php(211): Illuminate\Auth\AuthManager->attempt(Array, true)
#17 /var/www/app/controllers/LoginController.php(30): Illuminate\Support\Facades\Facade::__callStatic('attempt', Array)
#18 /var/www/app/controllers/LoginController.php(30): Illuminate\Support\Facades\Auth::attempt(Array, true)
#19 /var/www/app/controllers/LoginController.php(7): LoginController->login()
#20 [internal function]: LoginController->showLogin()
#21 /var/www/vendor/laravel/framework/src/Illuminate/Routing/Controller.php(231): call_user_func_array(Array, Array)
#22 /var/www/vendor/laravel/framework/src/Illuminate/Routing/ControllerDispatcher.php(93): Illuminate\Routing\Controller->callAction('showLogin', Array)
#23 /var/www/vendor/laravel/framework/src/Illuminate/Routing/ControllerDispatcher.php(62): Illuminate\Routing\ControllerDispatcher->call(Object(LoginController), Object(Illuminate\Routing\Route), 'showLogin')
#24 /var/www/vendor/laravel/framework/src/Illuminate/Routing/Router.php(967): Illuminate\Routing\ControllerDispatcher->dispatch(Object(Illuminate\Routing\Route), Object(Illuminate\Http\Request), 'LoginController', 'showLogin')
#25 [internal function]: Illuminate\Routing\Router->Illuminate\Routing\{closure}()
#26 /var/www/vendor/laravel/framework/src/Illuminate/Routing/Route.php(109): call_user_func_array(Object(Closure), Array)
#27 /var/www/vendor/laravel/framework/src/Illuminate/Routing/Router.php(1033): Illuminate\Routing\Route->run(Object(Illuminate\Http\Request))
#28 /var/www/vendor/laravel/framework/src/Illuminate/Routing/Router.php(1001): Illuminate\Routing\Router->dispatchToRoute(Object(Illuminate\Http\Request))
#29 /var/www/vendor/laravel/framework/src/Illuminate/Foundation/Application.php(781): Illuminate\Routing\Router->dispatch(Object(Illuminate\Http\Request))
#30 /var/www/vendor/laravel/framework/src/Illuminate/Foundation/Application.php(745): Illuminate\Foundation\Application->dispatch(Object(Illuminate\Http\Request))
#31 /var/www/vendor/laravel/framework/src/Illuminate/Session/Middleware.php(72): Illuminate\Foundation\Application->handle(Object(Illuminate\Http\Request), 1, true)
#32 /var/www/vendor/laravel/framework/src/Illuminate/Cookie/Queue.php(47): Illuminate\Session\Middleware->handle(Object(Illuminate\Http\Request), 1, true)
#33 /var/www/vendor/laravel/framework/src/Illuminate/Cookie/Guard.php(51): Illuminate\Cookie\Queue->handle(Object(Illuminate\Http\Request), 1, true)
#34 /var/www/vendor/stack/builder/src/Stack/StackedHttpKernel.php(23): Illuminate\Cookie\Guard->handle(Object(Illuminate\Http\Request), 1, true)
#35 /var/www/vendor/laravel/framework/src/Illuminate/Foundation/Application.php(641): Stack\StackedHttpKernel->handle(Object(Illuminate\Http\Request))
#36 /var/www/public/index.php(49): Illuminate\Foundation\Application->run()
#37 {main} [] []
[2019-06-20 22:59:42] production.ERROR: exception 'Symfony\Component\Debug\Exception\FatalErrorException' with message 'syntax error, unexpected '}'' in /var/www/app/controllers/InventoryController.php:2052
Stack trace:
#0 [internal function]: Illuminate\Exception\Handler->handleShutdown()
#1 {main} [] []
[2019-06-20 23:12:20] production.ERROR: exception 'Symfony\Component\HttpKernel\Exception\NotFoundHttpException' in /var/www/vendor/laravel/framework/src/Illuminate/Routing/RouteCollection.php:148
Stack trace:
#0 /var/www/vendor/laravel/framework/src/Illuminate/Routing/Router.php(1054): Illuminate\Routing\RouteCollection->match(Object(Illuminate\Http\Request))
#1 /var/www/vendor/laravel/framework/src/Illuminate/Routing/Router.php(1022): Illuminate\Routing\Router->findRoute(Object(Illuminate\Http\Request))
#2 /var/www/vendor/laravel/framework/src/Illuminate/Routing/Router.php(1001): Illuminate\Routing\Router->dispatchToRoute(Object(Illuminate\Http\Request))
#3 /var/www/vendor/laravel/framework/src/Illuminate/Foundation/Application.php(781): Illuminate\Routing\Router->dispatch(Object(Illuminate\Http\Request))
#4 /var/www/vendor/laravel/framework/src/Illuminate/Foundation/Application.php(745): Illuminate\Foundation\Application->dispatch(Object(Illuminate\Http\Request))
#5 /var/www/vendor/laravel/framework/src/Illuminate/Session/Middleware.php(72): Illuminate\Foundation\Application->handle(Object(Illuminate\Http\Request), 1, true)
#6 /var/www/vendor/laravel/framework/src/Illuminate/Cookie/Queue.php(47): Illuminate\Session\Middleware->handle(Object(Illuminate\Http\Request), 1, true)
#7 /var/www/vendor/laravel/framework/src/Illuminate/Cookie/Guard.php(51): Illuminate\Cookie\Queue->handle(Object(Illuminate\Http\Request), 1, true)
#8 /var/www/vendor/stack/builder/src/Stack/StackedHttpKernel.php(23): Illuminate\Cookie\Guard->handle(Object(Illuminate\Http\Request), 1, true)
#9 /var/www/vendor/laravel/framework/src/Illuminate/Foundation/Application.php(641): Stack\StackedHttpKernel->handle(Object(Illuminate\Http\Request))
#10 /var/www/public/index.php(49): Illuminate\Foundation\Application->run()
#11 {main} [] []
[2019-06-20 23:14:22] production.ERROR: exception 'Box\Spout\Common\Exception\IOException' with message 'Could not open /var/www/uploaded_file/temp.csv for reading! File does not exist.' in /var/www/vendor/box/spout/src/Spout/Reader/AbstractReader.php:115
Stack trace:
#0 /var/www/app/controllers/InventoryController.php(1953): Box\Spout\Reader\AbstractReader->open('/var/www/upload...')
#1 [internal function]: InventoryController->showInsertReporting()
#2 /var/www/vendor/laravel/framework/src/Illuminate/Routing/Controller.php(231): call_user_func_array(Array, Array)
#3 /var/www/vendor/laravel/framework/src/Illuminate/Routing/ControllerDispatcher.php(93): Illuminate\Routing\Controller->callAction('showInsertRepor...', Array)
#4 /var/www/vendor/laravel/framework/src/Illuminate/Routing/ControllerDispatcher.php(62): Illuminate\Routing\ControllerDispatcher->call(Object(InventoryController), Object(Illuminate\Routing\Route), 'showInsertRepor...')
#5 /var/www/vendor/laravel/framework/src/Illuminate/Routing/Router.php(967): Illuminate\Routing\ControllerDispatcher->dispatch(Object(Illuminate\Routing\Route), Object(Illuminate\Http\Request), 'InventoryContro...', 'showInsertRepor...')
#6 [internal function]: Illuminate\Routing\Router->Illuminate\Routing\{closure}()
#7 /var/www/vendor/laravel/framework/src/Illuminate/Routing/Route.php(109): call_user_func_array(Object(Closure), Array)
#8 /var/www/vendor/laravel/framework/src/Illuminate/Routing/Router.php(1033): Illuminate\Routing\Route->run(Object(Illuminate\Http\Request))
#9 /var/www/vendor/laravel/framework/src/Illuminate/Routing/Router.php(1001): Illuminate\Routing\Router->dispatchToRoute(Object(Illuminate\Http\Request))
#10 /var/www/vendor/laravel/framework/src/Illuminate/Foundation/Application.php(781): Illuminate\Routing\Router->dispatch(Object(Illuminate\Http\Request))
#11 /var/www/vendor/laravel/framework/src/Illuminate/Foundation/Application.php(745): Illuminate\Foundation\Application->dispatch(Object(Illuminate\Http\Request))
#12 /var/www/vendor/laravel/framework/src/Illuminate/Session/Middleware.php(72): Illuminate\Foundation\Application->handle(Object(Illuminate\Http\Request), 1, true)
#13 /var/www/vendor/laravel/framework/src/Illuminate/Cookie/Queue.php(47): Illuminate\Session\Middleware->handle(Object(Illuminate\Http\Request), 1, true)
#14 /var/www/vendor/laravel/framework/src/Illuminate/Cookie/Guard.php(51): Illuminate\Cookie\Queue->handle(Object(Illuminate\Http\Request), 1, true)
#15 /var/www/vendor/stack/builder/src/Stack/StackedHttpKernel.php(23): Illuminate\Cookie\Guard->handle(Object(Illuminate\Http\Request), 1, true)
#16 /var/www/vendor/laravel/framework/src/Illuminate/Foundation/Application.php(641): Stack\StackedHttpKernel->handle(Object(Illuminate\Http\Request))
#17 /var/www/public/index.php(49): Illuminate\Foundation\Application->run()
#18 {main} [] []
[2019-06-20 23:17:55] production.ERROR: exception 'Box\Spout\Common\Exception\IOException' with message 'Could not open /var/www/uploaded_file/temp.csv for reading! File does not exist.' in /var/www/vendor/box/spout/src/Spout/Reader/AbstractReader.php:115
Stack trace:
#0 /var/www/app/controllers/InventoryController.php(1953): Box\Spout\Reader\AbstractReader->open('/var/www/upload...')
#1 [internal function]: InventoryController->showInsertReporting()
#2 /var/www/vendor/laravel/framework/src/Illuminate/Routing/Controller.php(231): call_user_func_array(Array, Array)
#3 /var/www/vendor/laravel/framework/src/Illuminate/Routing/ControllerDispatcher.php(93): Illuminate\Routing\Controller->callAction('showInsertRepor...', Array)
#4 /var/www/vendor/laravel/framework/src/Illuminate/Routing/ControllerDispatcher.php(62): Illuminate\Routing\ControllerDispatcher->call(Object(InventoryController), Object(Illuminate\Routing\Route), 'showInsertRepor...')
#5 /var/www/vendor/laravel/framework/src/Illuminate/Routing/Router.php(967): Illuminate\Routing\ControllerDispatcher->dispatch(Object(Illuminate\Routing\Route), Object(Illuminate\Http\Request), 'InventoryContro...', 'showInsertRepor...')
#6 [internal function]: Illuminate\Routing\Router->Illuminate\Routing\{closure}()
#7 /var/www/vendor/laravel/framework/src/Illuminate/Routing/Route.php(109): call_user_func_array(Object(Closure), Array)
#8 /var/www/vendor/laravel/framework/src/Illuminate/Routing/Router.php(1033): Illuminate\Routing\Route->run(Object(Illuminate\Http\Request))
#9 /var/www/vendor/laravel/framework/src/Illuminate/Routing/Router.php(1001): Illuminate\Routing\Router->dispatchToRoute(Object(Illuminate\Http\Request))
#10 /var/www/vendor/laravel/framework/src/Illuminate/Foundation/Application.php(781): Illuminate\Routing\Router->dispatch(Object(Illuminate\Http\Request))
#11 /var/www/vendor/laravel/framework/src/Illuminate/Foundation/Application.php(745): Illuminate\Foundation\Application->dispatch(Object(Illuminate\Http\Request))
#12 /var/www/vendor/laravel/framework/src/Illuminate/Session/Middleware.php(72): Illuminate\Foundation\Application->handle(Object(Illuminate\Http\Request), 1, true)
#13 /var/www/vendor/laravel/framework/src/Illuminate/Cookie/Queue.php(47): Illuminate\Session\Middleware->handle(Object(Illuminate\Http\Request), 1, true)
#14 /var/www/vendor/laravel/framework/src/Illuminate/Cookie/Guard.php(51): Illuminate\Cookie\Queue->handle(Object(Illuminate\Http\Request), 1, true)
#15 /var/www/vendor/stack/builder/src/Stack/StackedHttpKernel.php(23): Illuminate\Cookie\Guard->handle(Object(Illuminate\Http\Request), 1, true)
#16 /var/www/vendor/laravel/framework/src/Illuminate/Foundation/Application.php(641): Stack\StackedHttpKernel->handle(Object(Illuminate\Http\Request))
#17 /var/www/public/index.php(49): Illuminate\Foundation\Application->run()
#18 {main} [] []
[2019-06-20 23:22:02] production.ERROR: exception 'PDOException' with message 'SQLSTATE[42000]: Syntax error or access violation: 1064 You have an error in your SQL syntax; check the manual that corresponds to your MySQL server version for the right syntax to use near 'NULsL' at line 1' in /var/www/vendor/laravel/framework/src/Illuminate/Database/Connection.php:389
Stack trace:
#0 /var/www/vendor/laravel/framework/src/Illuminate/Database/Connection.php(389): PDO->prepare('UPDATE `m_inven...')
#1 /var/www/vendor/laravel/framework/src/Illuminate/Database/Connection.php(623): Illuminate\Database\Connection->Illuminate\Database\{closure}(Object(Illuminate\Database\MySqlConnection), 'UPDATE `m_inven...', Array)
#2 /var/www/vendor/laravel/framework/src/Illuminate/Database/Connection.php(587): Illuminate\Database\Connection->runQueryCallback('UPDATE `m_inven...', Array, Object(Closure))
#3 /var/www/vendor/laravel/framework/src/Illuminate/Database/Connection.php(394): Illuminate\Database\Connection->run('UPDATE `m_inven...', Array, Object(Closure))
#4 /var/www/vendor/laravel/framework/src/Illuminate/Database/Connection.php(339): Illuminate\Database\Connection->affectingStatement('UPDATE `m_inven...', Array)
#5 [internal function]: Illuminate\Database\Connection->update('UPDATE `m_inven...')
#6 /var/www/vendor/laravel/framework/src/Illuminate/Database/DatabaseManager.php(321): call_user_func_array(Array, Array)
#7 /var/www/vendor/laravel/framework/src/Illuminate/Support/Facades/Facade.php(208): Illuminate\Database\DatabaseManager->__call('update', Array)
#8 /var/www/vendor/laravel/framework/src/Illuminate/Support/Facades/Facade.php(208): Illuminate\Database\DatabaseManager->update('UPDATE `m_inven...')
#9 /var/www/app/controllers/InventoryController.php(2022): Illuminate\Support\Facades\Facade::__callStatic('update', Array)
#10 /var/www/app/controllers/InventoryController.php(2022): Illuminate\Support\Facades\DB::update('UPDATE `m_inven...')
#11 [internal function]: InventoryController->showInsertReporting()
#12 /var/www/vendor/laravel/framework/src/Illuminate/Routing/Controller.php(231): call_user_func_array(Array, Array)
#13 /var/www/vendor/laravel/framework/src/Illuminate/Routing/ControllerDispatcher.php(93): Illuminate\Routing\Controller->callAction('showInsertRepor...', Array)
#14 /var/www/vendor/laravel/framework/src/Illuminate/Routing/ControllerDispatcher.php(62): Illuminate\Routing\ControllerDispatcher->call(Object(InventoryController), Object(Illuminate\Routing\Route), 'showInsertRepor...')
#15 /var/www/vendor/laravel/framework/src/Illuminate/Routing/Router.php(967): Illuminate\Routing\ControllerDispatcher->dispatch(Object(Illuminate\Routing\Route), Object(Illuminate\Http\Request), 'InventoryContro...', 'showInsertRepor...')
#16 [internal function]: Illuminate\Routing\Router->Illuminate\Routing\{closure}()
#17 /var/www/vendor/laravel/framework/src/Illuminate/Routing/Route.php(109): call_user_func_array(Object(Closure), Array)
#18 /var/www/vendor/laravel/framework/src/Illuminate/Routing/Router.php(1033): Illuminate\Routing\Route->run(Object(Illuminate\Http\Request))
#19 /var/www/vendor/laravel/framework/src/Illuminate/Routing/Router.php(1001): Illuminate\Routing\Router->dispatchToRoute(Object(Illuminate\Http\Request))
#20 /var/www/vendor/laravel/framework/src/Illuminate/Foundation/Application.php(781): Illuminate\Routing\Router->dispatch(Object(Illuminate\Http\Request))
#21 /var/www/vendor/laravel/framework/src/Illuminate/Foundation/Application.php(745): Illuminate\Foundation\Application->dispatch(Object(Illuminate\Http\Request))
#22 /var/www/vendor/laravel/framework/src/Illuminate/Session/Middleware.php(72): Illuminate\Foundation\Application->handle(Object(Illuminate\Http\Request), 1, true)
#23 /var/www/vendor/laravel/framework/src/Illuminate/Cookie/Queue.php(47): Illuminate\Session\Middleware->handle(Object(Illuminate\Http\Request), 1, true)
#24 /var/www/vendor/laravel/framework/src/Illuminate/Cookie/Guard.php(51): Illuminate\Cookie\Queue->handle(Object(Illuminate\Http\Request), 1, true)
#25 /var/www/vendor/stack/builder/src/Stack/StackedHttpKernel.php(23): Illuminate\Cookie\Guard->handle(Object(Illuminate\Http\Request), 1, true)
#26 /var/www/vendor/laravel/framework/src/Illuminate/Foundation/Application.php(641): Stack\StackedHttpKernel->handle(Object(Illuminate\Http\Request))
#27 /var/www/public/index.php(49): Illuminate\Foundation\Application->run()
#28 {main}

Next exception 'Illuminate\Database\QueryException' with message 'SQLSTATE[42000]: Syntax error or access violation: 1064 You have an error in your SQL syntax; check the manual that corresponds to your MySQL server version for the right syntax to use near 'NULsL' at line 1 (SQL: UPDATE `m_inventory` SET `ActivationStore` = CASE `MSISDN` WHEN '973001465' then 'TELIN TAIWAN ' END, `ActivationName` = CASE `MSISDN` WHEN '973001465' then 'ERWIN LIANTO' END WHERE `MSISDN` in ('973001465') AND `ChurnDate` IS NULsL)' in /var/www/vendor/laravel/framework/src/Illuminate/Database/Connection.php:631
Stack trace:
#0 /var/www/vendor/laravel/framework/src/Illuminate/Database/Connection.php(587): Illuminate\Database\Connection->runQueryCallback('UPDATE `m_inven...', Array, Object(Closure))
#1 /var/www/vendor/laravel/framework/src/Illuminate/Database/Connection.php(394): Illuminate\Database\Connection->run('UPDATE `m_inven...', Array, Object(Closure))
#2 /var/www/vendor/laravel/framework/src/Illuminate/Database/Connection.php(339): Illuminate\Database\Connection->affectingStatement('UPDATE `m_inven...', Array)
#3 [internal function]: Illuminate\Database\Connection->update('UPDATE `m_inven...')
#4 /var/www/vendor/laravel/framework/src/Illuminate/Database/DatabaseManager.php(321): call_user_func_array(Array, Array)
#5 /var/www/vendor/laravel/framework/src/Illuminate/Support/Facades/Facade.php(208): Illuminate\Database\DatabaseManager->__call('update', Array)
#6 /var/www/vendor/laravel/framework/src/Illuminate/Support/Facades/Facade.php(208): Illuminate\Database\DatabaseManager->update('UPDATE `m_inven...')
#7 /var/www/app/controllers/InventoryController.php(2022): Illuminate\Support\Facades\Facade::__callStatic('update', Array)
#8 /var/www/app/controllers/InventoryController.php(2022): Illuminate\Support\Facades\DB::update('UPDATE `m_inven...')
#9 [internal function]: InventoryController->showInsertReporting()
#10 /var/www/vendor/laravel/framework/src/Illuminate/Routing/Controller.php(231): call_user_func_array(Array, Array)
#11 /var/www/vendor/laravel/framework/src/Illuminate/Routing/ControllerDispatcher.php(93): Illuminate\Routing\Controller->callAction('showInsertRepor...', Array)
#12 /var/www/vendor/laravel/framework/src/Illuminate/Routing/ControllerDispatcher.php(62): Illuminate\Routing\ControllerDispatcher->call(Object(InventoryController), Object(Illuminate\Routing\Route), 'showInsertRepor...')
#13 /var/www/vendor/laravel/framework/src/Illuminate/Routing/Router.php(967): Illuminate\Routing\ControllerDispatcher->dispatch(Object(Illuminate\Routing\Route), Object(Illuminate\Http\Request), 'InventoryContro...', 'showInsertRepor...')
#14 [internal function]: Illuminate\Routing\Router->Illuminate\Routing\{closure}()
#15 /var/www/vendor/laravel/framework/src/Illuminate/Routing/Route.php(109): call_user_func_array(Object(Closure), Array)
#16 /var/www/vendor/laravel/framework/src/Illuminate/Routing/Router.php(1033): Illuminate\Routing\Route->run(Object(Illuminate\Http\Request))
#17 /var/www/vendor/laravel/framework/src/Illuminate/Routing/Router.php(1001): Illuminate\Routing\Router->dispatchToRoute(Object(Illuminate\Http\Request))
#18 /var/www/vendor/laravel/framework/src/Illuminate/Foundation/Application.php(781): Illuminate\Routing\Router->dispatch(Object(Illuminate\Http\Request))
#19 /var/www/vendor/laravel/framework/src/Illuminate/Foundation/Application.php(745): Illuminate\Foundation\Application->dispatch(Object(Illuminate\Http\Request))
#20 /var/www/vendor/laravel/framework/src/Illuminate/Session/Middleware.php(72): Illuminate\Foundation\Application->handle(Object(Illuminate\Http\Request), 1, true)
#21 /var/www/vendor/laravel/framework/src/Illuminate/Cookie/Queue.php(47): Illuminate\Session\Middleware->handle(Object(Illuminate\Http\Request), 1, true)
#22 /var/www/vendor/laravel/framework/src/Illuminate/Cookie/Guard.php(51): Illuminate\Cookie\Queue->handle(Object(Illuminate\Http\Request), 1, true)
#23 /var/www/vendor/stack/builder/src/Stack/StackedHttpKernel.php(23): Illuminate\Cookie\Guard->handle(Object(Illuminate\Http\Request), 1, true)
#24 /var/www/vendor/laravel/framework/src/Illuminate/Foundation/Application.php(641): Stack\StackedHttpKernel->handle(Object(Illuminate\Http\Request))
#25 /var/www/public/index.php(49): Illuminate\Foundation\Application->run()
#26 {main} [] []
